================ Experiment 5.1 ================
Generated S with 625 blocks
Sample S B-values: [16791, 28785, 45535] ... [45086, 25939, 41636]

Generated R with 125 blocks

Results:
- Total joined tuples: 1000

- Disk I/Os :
			  Read: 1511
			 Write: 761
---------------------------
			 TOTAL: 2272

Detailed matches for selected B-values:

B=12915 (1 matches):
('A894', 12915, 'C2839')

B=15906 (1 matches):
('A820', 15906, 'C3613')

B=16130 (2 matches):
('A313', 16130, 'C1229')
('A512', 16130, 'C1229')

B=20650 (1 matches):
('A164', 20650, 'C2367')

B=20652 (1 matches):
('A637', 20652, 'C2347')

B=22858 (1 matches):
('A903', 22858, 'C3945')

B=23735 (1 matches):
('A711', 23735, 'C4771')

B=24403 (1 matches):
('A749', 24403, 'C3643')

B=24870 (1 matches):
('A304', 24870, 'C95')

B=27685 (1 matches):
('A407', 27685, 'C827')

B=28571 (1 matches):
('A110', 28571, 'C3069')

B=30910 (1 matches):
('A321', 30910, 'C2080')

B=31096 (1 matches):
('A8', 31096, 'C1536')

B=33239 (2 matches):
('A73', 33239, 'C924')
('A159', 33239, 'C924')

B=34994 (1 matches):
('A441', 34994, 'C4960')

B=35490 (1 matches):
('A800', 35490, 'C2082')

B=37990 (2 matches):
('A614', 37990, 'C4654')
('A934', 37990, 'C4654')

B=38780 (1 matches):
('A217', 38780, 'C690')

B=39877 (2 matches):
('A873', 39877, 'C4549')
('A896', 39877, 'C4549')

B=49512 (1 matches):
('A388', 49512, 'C2379')
