================ Experiment 5.2 ================

Generated R with 150 blocks

Results:
- Total joined tuples: 161

- Disk I/Os :
			  Read: 1561
			 Write: 786
---------------------------
			 TOTAL: 2347

All joined tuples:
('A804', 25746, 'C105')
('A877', 25746, 'C105')
('A622', 29176, 'C697')
('A522', 20650, 'C2367')
('A887', 20650, 'C2367')
('A1159', 27888, 'C2858')
('A450', 21168, 'C3179')
('A311', 20146, 'C3479')
('A339', 23296, 'C3612')
('A1190', 20832, 'C4321')
('A1109', 22932, 'C4425')
('A606', 25999, 'C396')
('A957', 28127, 'C473')
('A322', 26839, 'C1078')
('A477', 27945, 'C2260')
('A1023', 27945, 'C2260')
('A127', 26727, 'C2919')
('A883', 26545, 'C3558')
('A374', 25425, 'C3769')
('A911', 26279, 'C4232')
('A548', 25061, 'C4279')
('A587', 23102, 'C550')
('A44', 26112, 'C1306')
('A603', 21436, 'C2076')
('A94', 21296, 'C2467')
('A868', 27820, 'C3897')
('A801', 20750, 'C4014')
('A326', 28142, 'C4154')
('A382', 24600, 'C4289')
('A229', 29584, 'C4316')
('A303', 20568, 'C4322')
('A12', 23886, 'C4691')
('A1108', 23915, 'C67')
('A480', 28661, 'C506')
('A642', 28871, 'C606')
('A880', 23313, 'C901')
('A863', 21647, 'C1135')
('A170', 25189, 'C1588')
('A353', 27261, 'C3284')
('A898', 28563, 'C3365')
('A174', 28703, 'C4976')
('A293', 28703, 'C4976')
('A7', 26030, 'C858')
('A2', 27010, 'C1610')
('A86', 22208, 'C1831')
('A939', 20864, 'C2050')
('A1098', 27486, 'C2197')
('A971', 29936, 'C2308')
('A1194', 29936, 'C2308')
('A608', 24336, 'C2744')
('A644', 21480, 'C3669')
('A217', 27612, 'C4505')
('A771', 23958, 'C4971')
('A636', 24099, 'C192')
('A1060', 23329, 'C950')
('A92', 20347, 'C1006')
('A287', 25345, 'C1219')
('A80', 22755, 'C1342')
('A1157', 25121, 'C1965')
('A71', 21999, 'C2409')
('A836', 27949, 'C2427')
('A441', 21845, 'C3660')
('A1104', 21775, 'C4711')
('A283', 28747, 'C4870')
('A265', 29952, 'C106')
('A907', 28104, 'C335')
('A816', 26858, 'C1556')
('A609', 23946, 'C2027')
('A1', 21090, 'C2055')
('A205', 27922, 'C3695')
('A460', 20432, 'C3916')
('A313', 23834, 'C4350')
('A1150', 23848, 'C4478')
('A491', 24366, 'C4720')
('A684', 20698, 'C4876')
('A621', 21258, 'C4923')
('A394', 27810, 'C4924')
('A906', 24129, 'C17')
('A83', 25613, 'C41')
('A546', 21007, 'C123')
('A942', 27153, 'C282')
('A927', 23933, 'C522')
('A421', 29897, 'C1353')
('A533', 29897, 'C1353')
('A100', 29589, 'C1722')
('A97', 29254, 'C488')
('A918', 25250, 'C653')
('A84', 27896, 'C1268')
('A747', 27896, 'C1268')
('A1068', 29016, 'C1558')
('A580', 21680, 'C2270')
('A479', 24494, 'C2341')
('A38', 28974, 'C2408')
('A299', 22478, 'C3694')
('A1173', 22478, 'C3694')
('A282', 23318, 'C3901')
('A320', 26048, 'C3964')
('A759', 20462, 'C4790')
('A112', 20238, 'C4891')
('A551', 27533, 'C672')
('A340', 28527, 'C958')
('A411', 26105, 'C1693')
('A28', 29829, 'C2285')
('A519', 28037, 'C2662')
('A1018', 25251, 'C2682')
('A315', 26777, 'C3340')
('A861', 26777, 'C3340')
('A827', 24607, 'C3347')
('A452', 24901, 'C3408')
('A817', 22185, 'C4708')
('A1092', 23599, 'C4826')
('A407', 21093, 'C4848')
('A376', 23502, 'C409')
('A909', 24636, 'C526')
('A380', 24846, 'C640')
('A668', 29424, 'C676')
('A405', 22606, 'C1004')
('A798', 29102, 'C1661')
('A42', 24776, 'C1892')
('A955', 25112, 'C2105')
('A1057', 24930, 'C2454')
('A371', 21192, 'C3084')
('A195', 26862, 'C3292')
('A933', 26862, 'C3292')
('A468', 27870, 'C4832')
('A1192', 25505, 'C54')
('A1146', 21053, 'C112')
('A617', 27885, 'C254')
('A643', 29355, 'C281')
('A1165', 21445, 'C751')
('A99', 24623, 'C1429')
('A1079', 28039, 'C2974')
('A910', 29215, 'C4510')
('A776', 21571, 'C4627')
('A951', 28880, 'C164')
('A623', 21460, 'C340')
('A392', 29538, 'C917')
('A1117', 25478, 'C1161')
('A377', 26136, 'C1636')
('A979', 24638, 'C1870')
('A1099', 29608, 'C1872')
('A193', 28432, 'C2045')
('A279', 24274, 'C2695')
('A756', 22916, 'C3272')
('A889', 22300, 'C4198')
('A675', 21992, 'C4631')
('A901', 27774, 'C4671')
('A122', 25171, 'C191')
('A763', 29063, 'C209')
('A1151', 25535, 'C294')
('A464', 28797, 'C838')
('A337', 28195, 'C1273')
('A486', 26011, 'C1608')
('A1131', 24527, 'C2164')
('A61', 24975, 'C2206')
('A1097', 23435, 'C2320')
('A133', 24695, 'C2699')
('A236', 24611, 'C2845')
('A656', 24611, 'C2845')
('A343', 22637, 'C3815')
('A772', 23449, 'C4727')
